100 : 2.17
102 : 2.1176470588235294
104 : 2.019230769230769
107 : 1.0093457943925233
108 : 2.5925925925925926
110 : 1.9636363636363636
113 : 1.008849557522124
114 : 2.008771929824561
115 : 1.2521739130434784
116 : 1.8103448275862069
118 : 1.5254237288135593
119 : 1.2100840336134453
121 : 1.0991735537190082
279 : 1.4910394265232976
282 : 2.0425531914893615
283 : 1.0035335689045937
284 : 1.7746478873239437
285 : 1.6842105263157894
286 : 1.7622377622377623
287 : 1.156794425087108
288 : 2.84375
289 : 1.0622837370242215
290 : 1.8620689655172413
291 : 1.3470790378006874
292 : 1.7226027397260273
293 : 1.0034129692832765
294 : 2.326530612244898
295 : 1.2203389830508475
296 : 1.9256756756756757
297 : 1.6801346801346801
298 : 2.902684563758389
299 : 1.1237458193979932
300 : 2.8933333333333335
301 : 1.169435215946844
302 : 1.509933774834437
303 : 1.5082508250825082
304 : 2.039473684210526
305 : 1.219672131147541
306 : 2.2941176470588234
307 : 1.003257328990228
308 : 2.1818181818181817
309 : 1.3462783171521036
310 : 1.8580645161290323
311 : 1.0032154340836013
312 : 2.6923076923076925
313 : 1.0031948881789137
314 : 1.5095541401273886
315 : 1.980952380952381
316 : 1.7721518987341771
317 : 1.003154574132492
318 : 2.0377358490566038
319 : 1.128526645768025
320 : 2.38125
321 : 1.3457943925233644
322 : 1.7888198757763976
323 : 1.3374613003095974
324 : 2.6141975308641974
325 : 1.3353846153846154
326 : 1.50920245398773
327 : 1.345565749235474
328 : 1.920731707317073
329 : 1.1671732522796352
330 : 2.618181818181818
331 : 1.0030211480362539
332 : 1.7710843373493976
333 : 1.4834834834834836
334 : 1.5089820359281436
335 : 1.217910447761194
336 : 2.9523809523809526
337 : 2.9465875370919883
338 : 1.6242603550295858
339 : 1.345132743362832
340 : 2.223529411764706
341 : 1.1260997067448681
342 : 2.280701754385965
343 : 1.1661807580174928
344 : 1.9186046511627908
345 : 1.6695652173913043
346 : 1.5086705202312138
347 : 1.0028818443804035
348 : 2.413793103448276
349 : 1.002865329512894
350 : 2.125714285714286
351 : 1.5954415954415955
352 : 2.147727272727273
353 : 1.0028328611898016
354 : 2.0338983050847457
355 : 1.2169014084507042
356 : 1.7696629213483146
357 : 1.6134453781512605
358 : 1.5083798882681565
359 : 1.0027855153203342
360 : 3.25
361 : 1.0554016620498614
362 : 1.5082872928176796
363 : 1.465564738292011
364 : 2.1538461538461537
365 : 1.2164383561643837
366 : 2.0327868852459017
367 : 1.002724795640327
368 : 2.0217391304347827
369 : 1.4796747967479675
370 : 1.8486486486486486
371 : 1.1644204851752022
372 : 2.4086021505376345
373 : 1.002680965147453
374 : 1.732620320855615
375 : 1.664
376 : 1.9148936170212767
377 : 1.1140583554376657
378 : 1.835978835978836
379 : 1.0026385224274406
380 : 2.210526315789474
381 : 1.3438320209973753
382 : 1.5078534031413613
383 : 1.0026109660574412
384 : 2.65625
385 : 1.4961038961038962
386 : 1.5077720207253886
387 : 1.7700258397932818
388 : 1.768041237113402
389 : 1.0102827763496145
390 : 2.5846153846153848
391 : 1.6828644501278773
392 : 2.181122448979592
393 : 1.3435114503816794
394 : 1.5076142131979695
395 : 1.2151898734177216
396 : 2.757575757575758
397 : 1.0075566750629723
398 : 1.5075376884422111
399 : 1.6040100250626566
400 : 2.4025
401 : 1.0024937655860349
402 : 2.029850746268657
403 : 1.1116625310173698
404 : 1.7673267326732673
405 : 1.7925925925925925
406 : 1.7733990147783252
407 : 1.1203931203931203
408 : 2.6470588235294117
409 : 1.0024449877750612
410 : 1.8439024390243903
411 : 1.7688564476885644
412 : 1.766990291262136
413 : 1.215496368038741
414 : 2.260869565217391
415 : 1.2144578313253012
416 : 2.1201923076923075
417 : 1.3357314148681054
418 : 1.722488038277512
419 : 1.0023866348448687
420 : 3.2
421 : 1.9168646080760094
422 : 1.5071090047393365
423 : 1.475177304964539
424 : 1.9103773584905661
425 : 1.3129411764705883
426 : 2.028169014084507
427 : 1.161592505854801
428 : 1.766355140186916
429 : 1.5664335664335665
430 : 1.841860465116279
431 : 1.0023201856148491
432 : 2.8703703703703702
433 : 1.002309468822171
434 : 1.7695852534562213
435 : 1.6551724137931034
436 : 1.7660550458715596
437 : 1.0983981693363845
438 : 2.0273972602739727
439 : 1.0022779043280183
440 : 2.4545454545454546
441 : 1.002267573696145
442 : 1.7104072398190044
443 : 1.002257336343115
444 : 2.391891891891892
445 : 1.2134831460674158
446 : 1.506726457399103
447 : 1.3400447427293065
448 : 2.267857142857143
449 : 2.690423162583519
450 : 2.6866666666666665
451 : 1.1175166297117516
452 : 1.7654867256637168
453 : 1.3421633554083885
454 : 1.5066079295154184
455 : 1.476923076923077
456 : 2.6315789473684212
457 : 1.0021881838074398
458 : 1.5065502183406114
459 : 2.6209150326797386
460 : 2.1913043478260867
461 : 1.002169197396963
462 : 2.4935064935064934
463 : 1.0021598272138228
464 : 2.0043103448275863
465 : 1.6946236559139785
466 : 1.5064377682403434
467 : 1.0021413276231264
468 : 2.7222222222222223
469 : 1.159914712153518
470 : 1.8382978723404255
471 : 1.3524416135881103
472 : 1.9067796610169492
473 : 1.1162790697674418
474 : 2.0253164556962027
475 : 1.305263157894737
476 : 2.1176470588235294
477 : 1.471698113207547
478 : 1.506276150627615
479 : 1.0020876826722338
480 : 3.15
481 : 1.106029106029106
482 : 1.5062240663900415
483 : 1.5900621118012421
484 : 1.9235537190082646
485 : 1.2123711340206185
486 : 2.246913580246914
487 : 1.002053388090349
488 : 1.9057377049180328
489 : 1.3415132924335378
490 : 2.093877551020408
491 : 1.0020366598778003
492 : 2.3902439024390243
493 : 1.0953346855983772
494 : 1.7004048582995952
495 : 1.8909090909090909
496 : 2.0
497 : 1.158953722334004
498 : 2.0240963855421685
499 : 1.002004008016032
500 : 2.184
501 : 1.341317365269461
502 : 1.5059760956175299
503 : 1.0019880715705765
504 : 3.0952380952380953
505 : 1.2118811881188118
506 : 1.7075098814229248
507 : 1.4437869822485208
508 : 1.763779527559055
509 : 1.0019646365422397
510 : 2.541176470588235
511 : 1.1585127201565557
512 : 1.998046875
513 : 1.5594541910331383
514 : 1.5058365758754864
515 : 1.2116504854368932
516 : 2.387596899224806
517 : 1.114119922630561
518 : 1.7606177606177607
519 : 1.3410404624277457
520 : 2.423076923076923
521 : 1.0019193857965452
522 : 2.2413793103448274
523 : 1.0019120458891013
524 : 1.7633587786259541
525 : 1.8895238095238096
526 : 1.505703422053232
527 : 1.092979127134725
528 : 2.8181818181818183
529 : 1.0453686200378072
530 : 1.8339622641509434
531 : 1.4689265536723164
532 : 2.1052631578947367
533 : 1.103189493433396
534 : 2.0224719101123596
535 : 1.2112149532710281
536 : 1.9029850746268657
537 : 1.3407821229050279
538 : 1.5055762081784387
539 : 1.269016697588126
540 : 3.111111111111111
541 : 1.0018484288354899
542 : 1.5055350553505535
543 : 1.3406998158379373
544 : 2.0845588235294117
545 : 1.2110091743119267
546 : 2.4615384615384617
547 : 1.0018281535648994
548 : 1.7627737226277371
549 : 1.4681238615664844
550 : 2.0290909090909093
551 : 1.0889292196007259
552 : 2.608695652173913
553 : 1.1573236889692586
554 : 1.5054151624548737
555 : 1.6432432432432433
556 : 1.7625899280575539
557 : 1.0017953321364452
558 : 2.236559139784946
559 : 1.1019677996422181
560 : 2.657142857142857
561 : 1.5401069518716577
562 : 1.5053380782918149
563 : 1.0017761989342806
564 : 2.382978723404255
565 : 1.2106194690265486
566 : 1.5053003533568905
567 : 1.7072310405643738
568 : 1.9014084507042253
569 : 1.0017574692442883
570 : 2.526315789473684
571 : 1.001751313485114
572 : 2.055944055944056
573 : 1.3403141361256545
574 : 1.7560975609756098
575 : 1.2939130434782609
576 : 2.8663194444444446
577 : 1.001733102253033
578 : 1.5934256055363323
579 : 1.3402417962003454
580 : 2.1724137931034484
581 : 1.1566265060240963
582 : 2.020618556701031
583 : 1.1114922813036021
584 : 1.9006849315068493
585 : 1.8666666666666667
586 : 1.5051194539249146
587 : 1.0017035775127767
588 : 2.7142857142857144
589 : 1.0865874363327674
590 : 1.8305084745762712
591 : 1.3401015228426396
592 : 1.989864864864865
593 : 1.0016863406408094
594 : 2.4242424242424243
595 : 1.4521008403361344
596 : 1.761744966442953
597 : 1.340033500837521
598 : 1.68561872909699
599 : 1.001669449081803
600 : 3.1
601 : 1.0016638935108153
602 : 1.7541528239202657
603 : 1.4660033167495854
604 : 1.7615894039735098
605 : 1.3190082644628098
606 : 2.01980198019802
607 : 1.00164744645799
608 : 2.0723684210526314
609 : 1.5763546798029557
610 : 1.8295081967213114
611 : 1.099836333878887
612 : 2.676470588235294
613 : 1.0016313213703099
614 : 1.504885993485342
615 : 1.6390243902439023
616 : 2.3376623376623376
617 : 1.0016207455429498
618 : 2.0194174757281553
619 : 1.001615508885299
620 : 2.167741935483871
621 : 1.5458937198067633
622 : 1.504823151125402
623 : 1.1556982343499198
624 : 2.782051282051282
625 : 1.2496
626 : 1.5047923322683705
627 : 1.5311004784688995
628 : 1.7611464968152866
629 : 1.0874403815580287
630 : 2.9714285714285715
631 : 1.0015847860538827
632 : 1.8987341772151898
633 : 1.339652448657188
634 : 1.5047318611987381
635 : 1.2094488188976378
636 : 2.3773584905660377
637 : 1.2527472527472527
638 : 1.6927899686520376
639 : 1.4647887323943662
640 : 2.390625
641 : 1.001560062402496
642 : 2.0186915887850465
643 : 1.0015552099533438
644 : 2.0869565217391304
645 : 1.6372093023255814
646 : 1.671826625386997
647 : 1.001545595054096
648 : 2.800925925925926
649 : 1.1093990755007703
650 : 2.003076923076923
651 : 1.5729646697388633
652 : 1.7607361963190185
653 : 1.001531393568147
654 : 2.018348623853211
655 : 1.2091603053435114
656 : 1.9847560975609757
657 : 1.4642313546423136
658 : 1.750759878419453
659 : 1.0015174506828528
660 : 3.0545454545454547
661 : 1.0015128593040847
662 : 1.5045317220543806
663 : 1.5203619909502262
664 : 1.8975903614457832
665 : 1.443609022556391
666 : 2.225225225225225
667 : 1.0794602698650675
668 : 1.7604790419161678
669 : 1.3393124065769806
670 : 1.826865671641791
671 : 1.1087928464977646
672 : 3.0
673 : 1.0014858841010401
674 : 1.5044510385756678
675 : 1.837037037037037
676 : 1.8949704142011834
677 : 1.0014771048744462
678 : 2.017699115044248
679 : 1.1546391752577319
680 : 2.3823529411764706
681 : 1.3392070484581498
682 : 1.689149560117302
683 : 1.0014641288433381
684 : 2.6608187134502925
685 : 1.2087591240875912
686 : 1.749271137026239
687 : 1.339155749636099
688 : 1.9825581395348837
689 : 1.097242380261248
690 : 2.5043478260869567
691 : 1.0014471780028944
692 : 1.760115606936416
693 : 1.800865800865801
694 : 1.5043227665706052
695 : 1.20863309352518
696 : 2.586206896551724
697 : 1.084648493543759
698 : 1.504297994269341
699 : 1.3390557939914163
700 : 2.48
701 : 1.0014265335235377
702 : 2.393162393162393
703 : 1.0810810810810811
704 : 2.164772727272727
705 : 1.6340425531914893
706 : 1.5042492917847026
707 : 1.1541725601131543
708 : 2.3728813559322033
709 : 1.001410437235543
710 : 1.8253521126760563
711 : 1.4627285513361463
712 : 1.896067415730337
713 : 1.0771388499298737
714 : 2.4201680672268906
715 : 1.4097902097902097
716 : 1.7597765363128492
717 : 1.3389121338912133
718 : 1.5041782729805013
719 : 1.0013908205841446
720 : 3.3583333333333334
721 : 1.1539528432732316
722 : 1.5831024930747923
723 : 1.338865836791148
724 : 1.7596685082872927
725 : 1.282758620689655
726 : 2.1983471074380163
727 : 1.0013755158184319
728 : 2.3076923076923075
729 : 1.4993141289437586
730 : 1.8246575342465754
731 : 1.0834473324213407
732 : 2.371584699453552
733 : 1.0013642564802183
734 : 1.5040871934604905
735 : 1.8612244897959183
736 : 2.0543478260869565
737 : 1.10719131614654
738 : 2.2195121951219514
739 : 1.0013531799729365
740 : 2.156756756756757
741 : 1.5114709851551957
742 : 1.7466307277628033
743 : 1.0013458950201883
744 : 2.5806451612903225
745 : 1.2080536912751678
746 : 1.5040214477211795
747 : 1.461847389558233
748 : 2.021390374331551
749 : 1.1535380507343125
750 : 2.496
751 : 1.0013315579227697
752 : 1.9787234042553192
753 : 1.3386454183266931
754 : 1.6710875331564987
755 : 1.2079470198675497
756 : 2.962962962962963
757 : 1.0013210039630118
758 : 1.5039577836411608
759 : 1.517786561264822
760 : 2.3684210526315788
761 : 1.0013140604467805
762 : 2.015748031496063
763 : 1.1533420707732633
764 : 1.7591623036649215
765 : 1.8352941176470587
766 : 1.5039164490861618
767 : 1.0951760104302477
768 : 2.6614583333333335
769 : 1.0013003901170352
770 : 2.244155844155844
771 : 1.33852140077821
772 : 1.7590673575129534
773 : 1.001293661060802
774 : 2.2170542635658914
775 : 1.28
776 : 1.8943298969072164
777 : 1.564993564993565
778 : 1.5038560411311055
779 : 1.0783055198973042
780 : 3.0153846153846153
781 : 1.1062740076824584
782 : 1.6572890025575449
783 : 1.5325670498084292
784 : 2.253826530612245
785 : 1.2076433121019108
786 : 2.015267175572519
787 : 1.0012706480304956
788 : 1.7588832487309645
789 : 1.338403041825095
790 : 1.8227848101265822
791 : 1.1529709228824274
792 : 2.9545454545454546
793 : 1.094577553593947
794 : 1.5037783375314862
795 : 1.630188679245283
796 : 1.7587939698492463
797 : 1.001254705144291
798 : 2.406015037593985
799 : 1.081351689612015
800 : 2.44125
801 : 1.4606741573033708
802 : 1.5037406483790523
803 : 1.1058530510585305
804 : 2.3681592039800994
805 : 1.431055900621118
806 : 1.6674937965260546
807 : 1.338289962825279
808 : 1.8935643564356435
809 : 1.0012360939431397
810 : 2.688888888888889
811 : 1.0012330456226881
812 : 2.0689655172413794
813 : 1.3382533825338254
814 : 1.6805896805896805
815 : 1.207361963190184
816 : 2.735294117647059
817 : 1.0771113831089352
818 : 1.5036674816625917
819 : 1.7777777777777777
820 : 2.151219512195122
821 : 1.0012180267965896
822 : 2.0145985401459856
823 : 1.0012150668286757
824 : 1.8932038834951457
825 : 1.8036363636363637
826 : 1.7433414043583535
827 : 1.0012091898428053
828 : 2.63768115942029
829 : 1.0012062726176116
830 : 1.8216867469879519
831 : 1.3381468110709989
832 : 2.137019230769231
833 : 1.2316926770708283
834 : 2.014388489208633
835 : 1.207185628742515
836 : 2.0095693779904304
837 : 1.5292712066905616
838 : 1.503579952267303
839 : 1.0011918951132301
840 : 3.4285714285714284
841 : 1.0356718192627825
842 : 1.503562945368171
843 : 1.3380782918149465
844 : 1.7582938388625593
845 : 1.2994082840236687
846 : 2.2127659574468086
847 : 1.256198347107438
848 : 1.974056603773585
849 : 1.3380447585394581
850 : 1.9694117647058824
851 : 1.071680376028202
852 : 2.3661971830985915
853 : 1.0011723329425557
854 : 1.7423887587822013
855 : 1.8245614035087718
856 : 1.8925233644859814
857 : 1.0011668611435238
858 : 2.3496503496503496
859 : 1.0011641443538999
860 : 2.1488372093023256
861 : 1.5609756097560976
862 : 1.5034802784222738
863 : 1.0011587485515643
864 : 2.9166666666666665
865 : 1.2069364161849712
866 : 1.5034642032332564
867 : 1.4163783160322954
868 : 2.064516129032258
869 : 1.1047180667433831
870 : 2.4827586206896552
871 : 1.092996555683123
872 : 1.8922018348623852
873 : 1.4593356242840778
874 : 1.6475972540045767
875 : 1.4262857142857144
876 : 2.365296803652968
877 : 1.001140250855188
878 : 1.5034168564920274
879 : 1.3378839590443685
880 : 2.536363636363636
881 : 1.0011350737797957
882 : 2.520408163265306
883 : 1.001132502831257
884 : 1.995475113122172
885 : 1.6271186440677967
886 : 1.5033860045146727
887 : 1.0011273957158964
888 : 2.5675675675675675
889 : 1.1518560179977504
890 : 1.8202247191011236
891 : 1.6296296296296295
892 : 1.757847533632287
893 : 1.0750279955207167
894 : 2.0134228187919465
895 : 1.2067039106145252
896 : 2.2767857142857144
897 : 1.4983277591973243
898 : 1.5033407572383073
899 : 1.067853170189099
900 : 3.1344444444444446
901 : 1.0788013318534961
902 : 1.6762749445676275
903 : 1.5592469545957919
904 : 1.8915929203539823
905 : 1.2066298342541437
906 : 2.013245033112583
907 : 1.0011025358324146
908 : 1.7577092511013215
909 : 1.4587458745874586
910 : 2.2153846153846155
911 : 1.0010976948408343
912 : 2.719298245614035
913 : 1.104052573932092
914 : 1.5032822757111597
915 : 1.6262295081967213
916 : 1.75764192139738
917 : 1.1515812431842967
918 : 2.3529411764705883
919 : 1.001088139281828
920 : 2.347826086956522
921 : 1.3376764386536373
922 : 1.5032537960954446
923 : 1.0920910075839654
924 : 2.909090909090909
925 : 1.2735135135135136
926 : 1.5032397408207343
927 : 1.458468176914779
928 : 2.0366379310344827
929 : 1.0010764262648009
930 : 2.47741935483871
931 : 1.2244897959183674
932 : 1.757510729613734
933 : 1.337620578778135
934 : 1.5032119914346895
935 : 1.3860962566844919
936 : 2.9166666666666665
937 : 1.0010672358591248
938 : 1.7398720682302773
939 : 1.3375931842385516
940 : 2.1446808510638298
941 : 1.0010626992561105
942 : 2.0127388535031847
943 : 1.0689289501590669
944 : 1.9703389830508475
945 : 2.0317460317460316
946 : 1.6744186046511629
947 : 1.0010559662090812
948 : 2.3628691983122363
949 : 1.0916754478398314
950 : 1.9578947368421054
951 : 1.337539432176656
952 : 2.26890756302521
953 : 1.0010493179433368
954 : 2.207547169811321
955 : 1.206282722513089
956 : 1.7573221757322175
957 : 1.5047021943573669
958 : 1.5031315240083507
959 : 1.1511991657977059
960 : 3.175
961 : 1.0332986472424557
962 : 1.659043659043659
963 : 1.4579439252336448
964 : 1.7572614107883817
965 : 1.206217616580311
966 : 2.3850931677018634
967 : 1.001034126163392
968 : 2.0609504132231407
969 : 1.4860681114551084
970 : 1.8185567010309278
971 : 1.0010298661174046
972 : 2.6213991769547325
973 : 1.1510791366906474
974 : 1.5030800821355237
975 : 1.7805128205128204
976 : 1.9692622950819672
977 : 1.0010235414534288
978 : 2.0122699386503067
979 : 1.1031664964249235
980 : 2.442857142857143
981 : 1.4576962283384303
982 : 1.5030549898167007
983 : 1.0010172939979654
984 : 2.5609756097560976
985 : 1.2060913705583756
986 : 1.643002028397566
987 : 1.5562310030395137
988 : 1.9838056680161944
989 : 1.0677451971688574
990 : 2.8363636363636364
991 : 1.0010090817356205
992 : 2.032258064516129
993 : 1.337361530715005
994 : 1.738430583501006
995 : 1.2060301507537687
996 : 2.36144578313253
997 : 1.0010030090270812
998 : 1.503006012024048
999 : 1.5215215215215214
1000 : 2.34
